Flutter crash report; please file at https://github.com/flutter/flutter/issues.

## command

flutter build flx --suppress-analytics --target D:\Work\Flutter\repo\Flutter_Experiments\lib\main.dart --output-file D:\Work\Flutter\repo\Flutter_Experiments\build\app\intermediates\flutter\debug/app.flx --depfile D:\Work\Flutter\repo\Flutter_Experiments\build\app\intermediates\flutter\debug/snapshot_blob.bin.d --snapshot D:\Work\Flutter\repo\Flutter_Experiments\build\app\intermediates\flutter\debug/snapshot_blob.bin --working-dir D:\Work\Flutter\repo\Flutter_Experiments\build\app\intermediates\flutter\debug/flutter_assets

## exception

FileSystemException: FileSystemException: Deletion failed, path = 'D:\Work\Flutter\repo\Flutter_Experiments\build\app\intermediates\flutter\debug/flutter_assets' (OS Error: The directory is not empty.
, errno = 145)

```
#0      _Directory._deleteSync (dart:io/directory_impl.dart:174)
#1      FileSystemEntity.deleteSync (dart:io/file_system_entity.dart:451)
#2      ForwardingFileSystemEntity.deleteSync (package:file/src/forwarding/forwarding_file_system_entity.dart:68)
#3      _ArchiveZipBuilder.createZip (package:flutter_tools/src/zip.dart:37)
<asynchronous suspension>
#4      assemble (package:flutter_tools/src/flx.dart:178)
<asynchronous suspension>
#5      build (package:flutter_tools/src/flx.dart:104)
<asynchronous suspension>
#6      BuildFlxCommand.runCommand (package:flutter_tools/src/commands/build_flx.dart:50)
<asynchronous suspension>
#7      FlutterCommand.verifyThenRunCommand (package:flutter_tools/src/runner/flutter_command.dart:290)
<asynchronous suspension>
#8      FlutterCommand.run (package:flutter_tools/src/runner/flutter_command.dart:228)
<asynchronous suspension>
#9      CommandRunner.runCommand (package:args/command_runner.dart:194)
<asynchronous suspension>
#10     FlutterCommandRunner.runCommand (package:flutter_tools/src/runner/flutter_command_runner.dart:286)
<asynchronous suspension>
#11     CommandRunner.run.<anonymous closure> (package:args/command_runner.dart:109)
#12     new Future.sync (dart:async/future.dart:222)
#13     CommandRunner.run (package:args/command_runner.dart:109)
#14     FlutterCommandRunner.run (package:flutter_tools/src/runner/flutter_command_runner.dart:166)
#15     run.<anonymous closure> (package:flutter_tools/runner.dart:90)
<asynchronous suspension>
#16     AppContext._run (package:flutter_tools/src/base/context.dart:76)
<asynchronous suspension>
#17     AppContext.runInZone.<anonymous closure> (package:flutter_tools/src/base/context.dart:66)
#18     _rootRun (dart:async/zone.dart:1126)
#19     _CustomZone.run (dart:async/zone.dart:1023)
#20     runZoned (dart:async/zone.dart:1501)
#21     AppContext.runInZone (package:flutter_tools/src/base/context.dart:65)
#22     run (package:flutter_tools/runner.dart:61)
<asynchronous suspension>
#23     main (package:flutter_tools/executable.dart:48)
<asynchronous suspension>
#24     main (file:///D:/Work/Flutter/SDK/flutter/packages/flutter_tools/bin/flutter_tools.dart:16)
#25     _startIsolate.<anonymous closure> (dart:isolate-patch/dart:isolate/isolate_patch.dart:277)
#26     _RawReceivePortImpl._handleMessage (dart:isolate-patch/dart:isolate/isolate_patch.dart:165)
```

## flutter doctor

```
[✓] Flutter (Channel beta, v0.2.3, on Microsoft Windows [Version 6.1.7600], locale en-US)
    • Flutter version 0.2.3 at D:\Work\Flutter\SDK\flutter
    • Framework revision 5a58b36e36 (5 weeks ago), 2018-03-13 13:20:13 -0700
    • Engine revision e61bb9ac3a
    • Dart version 2.0.0-dev.35.flutter-290c576264

[✓] Android toolchain - develop for Android devices (Android SDK 28.0.0-rc1)
    • Android SDK at D:\Work\Tools\ANDROID-SDK
    • Android NDK location not configured (optional; useful for native profiling support)
    • Platform android-27, build-tools 28.0.0-rc1
    • Java binary at: D:\Work\Tools\android-studio_3.0\jre\bin\java
    • Java version OpenJDK Runtime Environment (build 1.8.0_152-release-915-b01)
    • All Android licenses accepted.

[✓] Android Studio (version 3.0)
    • Android Studio at D:\Work\Tools\android-studio_3.0
    • Java version OpenJDK Runtime Environment (build 1.8.0_152-release-915-b01)

[!] VS Code, 32-bit edition (version 1.14.0)
    • VS Code at C:\Program Files (x86)\Microsoft VS Code
    • Dart Code extension not installed; install from
      https://marketplace.visualstudio.com/items?itemName=Dart-Code.dart-code

[✓] Connected devices (1 available)
    • XT1068 • ZX1D63PW3J • android-arm • Android 6.0 (API 23)

! Doctor found issues in 1 category.
```
